[2026-01-18 14:42:36] [INFO] [
    {
        "titulo": "Curriculo Vitae",
        "legenda": "Meus Cursos e experiências acadêmicas e profissionais",
        "text": "Meu Curriculo",
        "url": "https:\/\/victormacedo.dev.br\/curriculo",
        "tags": "curriculo,profissional,cursos,certificados",
        "visible": "hidden"
    },
    {
        "titulo": "Instagram",
        "legenda": "Instagram pessoal",
        "text": "victor.macedo2001",
        "url": "https:\/\/instagram.com\/victor.macedo2001",
        "tags": "instagram,pessoal,blog,fotos,familia",
        "visible": "show"
    },
    {
        "titulo": "Portifólio",
        "legenda": "Conheça um pouco do meu trabalho",
        "text": "Meu Portifólio",
        "url": "https:\/\/sunflowers.victormacedo.dev.br\/portifolio",
        "tags": "curriculo,profissional,cursos,certificados,portifolio,projetos",
        "visible": "pin"
    }
]
[2026-01-18 14:43:28] [INFO] [
    {
        "titulo": "Curriculo Vitae",
        "legenda": "Meus Cursos e experiências acadêmicas e profissionais",
        "text": "Meu Curriculo",
        "url": "https:\/\/victormacedo.dev.br\/curriculo",
        "tags": "curriculo,profissional,cursos,certificados",
        "visible": "hidden"
    },
    {
        "titulo": "Instagram",
        "legenda": "Instagram pessoal",
        "text": "victor.macedo2001",
        "url": "https:\/\/instagram.com\/victor.macedo2001",
        "tags": "instagram,pessoal,blog,fotos,familia",
        "visible": "show"
    },
    {
        "titulo": "Portifólio",
        "legenda": "Conheça um pouco do meu trabalho",
        "text": "Meu Portifólio",
        "url": "https:\/\/sunflowers.victormacedo.dev.br\/portifolio",
        "tags": "curriculo,profissional,cursos,certificados,portifolio,projetos",
        "visible": "pin"
    }
]
[2026-01-18 14:44:05] [INFO] [
    {
        "titulo": "Curriculo Vitae",
        "legenda": "Meus Cursos e experiências acadêmicas e profissionais",
        "text": "Meu Curriculo",
        "url": "https:\/\/victormacedo.dev.br\/curriculo",
        "tags": "curriculo,profissional,cursos,certificados",
        "visible": "hidden"
    },
    {
        "titulo": "Instagram",
        "legenda": "Instagram pessoal",
        "text": "victor.macedo2001",
        "url": "https:\/\/instagram.com\/victor.macedo2001",
        "tags": "instagram,pessoal,blog,fotos,familia",
        "visible": "show"
    },
    {
        "titulo": "Portifólio",
        "legenda": "Conheça um pouco do meu trabalho",
        "text": "Meu Portifólio",
        "url": "https:\/\/sunflowers.victormacedo.dev.br\/portifolio",
        "tags": "curriculo,profissional,cursos,certificados,portifolio,projetos",
        "visible": "pin"
    }
]
[2026-01-18 14:46:04] [INFO] [
    {
        "titulo": "TELLONYM",
        "legenda": "Me pergunte anônimamente",
        "text": "victor.macedo2001",
        "url": "https:\/\/tellonym.me\/victor.macedo2001",
        "tags": "perguntas,familia,anonimo,anonimas,conversa,feedback",
        "visible": "show"
    },
    {
        "titulo": "Curriculo Vitae",
        "legenda": "Meus Cursos e experiências acadêmicas e profissionais",
        "text": "Meu Curriculo",
        "url": "https:\/\/victormacedo.dev.br\/curriculo",
        "tags": "curriculo,profissional,cursos,certificados",
        "visible": "hidden"
    },
    {
        "titulo": "Instagram",
        "legenda": "Instagram pessoal",
        "text": "victor.macedo2001",
        "url": "https:\/\/instagram.com\/victor.macedo2001",
        "tags": "instagram,pessoal,blog,fotos,familia",
        "visible": "show"
    },
    {
        "titulo": "Portifólio",
        "legenda": "Conheça um pouco do meu trabalho",
        "text": "Meu Portifólio",
        "url": "https:\/\/sunflowers.victormacedo.dev.br\/portifolio",
        "tags": "curriculo,profissional,cursos,certificados,portifolio,projetos",
        "visible": "pin"
    }
]
[2026-01-18 14:46:32] [INFO] [
    {
        "titulo": "TELLONYM",
        "legenda": "Me pergunte anônimamente",
        "text": "victor.macedo2001",
        "url": "https:\/\/tellonym.me\/victor.macedo2001",
        "tags": "perguntas,familia,anonimo,anonimas,conversa,feedback",
        "visible": "show"
    },
    {
        "titulo": "Curriculo Vitae",
        "legenda": "Meus Cursos e experiências acadêmicas e profissionais",
        "text": "Meu Curriculo",
        "url": "https:\/\/victormacedo.dev.br\/curriculo",
        "tags": "curriculo,profissional,cursos,certificados",
        "visible": "hidden"
    },
    {
        "titulo": "Instagram",
        "legenda": "Instagram pessoal",
        "text": "victor.macedo2001",
        "url": "https:\/\/instagram.com\/victor.macedo2001",
        "tags": "instagram,pessoal,blog,fotos,familia",
        "visible": "show"
    },
    {
        "titulo": "Portifólio",
        "legenda": "Conheça um pouco do meu trabalho",
        "text": "Meu Portifólio",
        "url": "https:\/\/sunflowers.victormacedo.dev.br\/portifolio",
        "tags": "curriculo,profissional,cursos,certificados,portifolio,projetos",
        "visible": "pin"
    }
]
[2026-01-18 14:46:38] [INFO] [
    {
        "titulo": "TELLONYM",
        "legenda": "Me pergunte anônimamente",
        "text": "victor.macedo2001",
        "url": "https:\/\/tellonym.me\/victor.macedo2001",
        "tags": "perguntas,familia,anonimo,anonimas,conversa,feedback",
        "visible": "show"
    },
    {
        "titulo": "Curriculo Vitae",
        "legenda": "Meus Cursos e experiências acadêmicas e profissionais",
        "text": "Meu Curriculo",
        "url": "https:\/\/victormacedo.dev.br\/curriculo",
        "tags": "curriculo,profissional,cursos,certificados",
        "visible": "hidden"
    },
    {
        "titulo": "Instagram",
        "legenda": "Instagram pessoal",
        "text": "victor.macedo2001",
        "url": "https:\/\/instagram.com\/victor.macedo2001",
        "tags": "instagram,pessoal,blog,fotos,familia",
        "visible": "show"
    },
    {
        "titulo": "Portifólio",
        "legenda": "Conheça um pouco do meu trabalho",
        "text": "Meu Portifólio",
        "url": "https:\/\/sunflowers.victormacedo.dev.br\/portifolio",
        "tags": "curriculo,profissional,cursos,certificados,portifolio,projetos",
        "visible": "pin"
    }
]
[2026-01-18 15:52:44] [INFO] [
    {
        "titulo": "TELLONYM",
        "legenda": "Me pergunte anônimamente",
        "text": "victor.macedo2001",
        "url": "https:\/\/tellonym.me\/victor.macedo2001",
        "tags": "perguntas,familia,anonimo,anonimas,conversa,feedback",
        "visible": "show"
    },
    {
        "titulo": "Curriculo Vitae",
        "legenda": "Meus Cursos e experiências acadêmicas e profissionais",
        "text": "Meu Curriculo",
        "url": "https:\/\/victormacedo.dev.br\/curriculo",
        "tags": "curriculo,profissional,cursos,certificados",
        "visible": "hidden"
    },
    {
        "titulo": "Instagram",
        "legenda": "Instagram pessoal",
        "text": "victor.macedo2001",
        "url": "https:\/\/instagram.com\/victor.macedo2001",
        "tags": "instagram,pessoal,blog,fotos,familia",
        "visible": "show"
    },
    {
        "titulo": "Portifólio",
        "legenda": "Conheça um pouco do meu trabalho",
        "text": "Meu Portifólio",
        "url": "https:\/\/sunflowers.victormacedo.dev.br\/portifolio",
        "tags": "curriculo,profissional,cursos,certificados,portifolio,projetos",
        "visible": "pin"
    }
]
[2026-01-18 15:52:45] [INFO] [
    {
        "titulo": "TELLONYM",
        "legenda": "Me pergunte anônimamente",
        "text": "victor.macedo2001",
        "url": "https:\/\/tellonym.me\/victor.macedo2001",
        "tags": "perguntas,familia,anonimo,anonimas,conversa,feedback",
        "visible": "show"
    },
    {
        "titulo": "Curriculo Vitae",
        "legenda": "Meus Cursos e experiências acadêmicas e profissionais",
        "text": "Meu Curriculo",
        "url": "https:\/\/victormacedo.dev.br\/curriculo",
        "tags": "curriculo,profissional,cursos,certificados",
        "visible": "hidden"
    },
    {
        "titulo": "Instagram",
        "legenda": "Instagram pessoal",
        "text": "victor.macedo2001",
        "url": "https:\/\/instagram.com\/victor.macedo2001",
        "tags": "instagram,pessoal,blog,fotos,familia",
        "visible": "show"
    },
    {
        "titulo": "Portifólio",
        "legenda": "Conheça um pouco do meu trabalho",
        "text": "Meu Portifólio",
        "url": "https:\/\/sunflowers.victormacedo.dev.br\/portifolio",
        "tags": "curriculo,profissional,cursos,certificados,portifolio,projetos",
        "visible": "pin"
    }
]
[2026-01-18 15:52:55] [INFO] [
    {
        "titulo": "TELLONYM",
        "legenda": "Me pergunte anônimamente",
        "text": "victor.macedo2001",
        "url": "https:\/\/tellonym.me\/victor.macedo2001",
        "tags": "perguntas,familia,anonimo,anonimas,conversa,feedback",
        "visible": "show"
    },
    {
        "titulo": "Curriculo Vitae",
        "legenda": "Meus Cursos e experiências acadêmicas e profissionais",
        "text": "Meu Curriculo",
        "url": "https:\/\/victormacedo.dev.br\/curriculo",
        "tags": "curriculo,profissional,cursos,certificados",
        "visible": "hidden"
    },
    {
        "titulo": "Instagram",
        "legenda": "Instagram pessoal",
        "text": "victor.macedo2001",
        "url": "https:\/\/instagram.com\/victor.macedo2001",
        "tags": "instagram,pessoal,blog,fotos,familia",
        "visible": "show"
    },
    {
        "titulo": "Portifólio",
        "legenda": "Conheça um pouco do meu trabalho",
        "text": "Meu Portifólio",
        "url": "https:\/\/sunflowers.victormacedo.dev.br\/portifolio",
        "tags": "curriculo,profissional,cursos,certificados,portifolio,projetos",
        "visible": "pin"
    }
]
[2026-01-18 15:56:49] [INFO] [
    {
        "titulo": "TELLONYM",
        "legenda": "Me pergunte anônimamente",
        "text": "victor.macedo2001",
        "url": "https:\/\/tellonym.me\/victor.macedo2001",
        "tags": "perguntas,familia,anonimo,anonimas,conversa,feedback",
        "visible": "show"
    },
    {
        "titulo": "Curriculo Vitae",
        "legenda": "Meus Cursos e experiências acadêmicas e profissionais",
        "text": "Meu Curriculo",
        "url": "https:\/\/victormacedo.dev.br\/curriculo",
        "tags": "curriculo,profissional,cursos,certificados",
        "visible": "hidden"
    },
    {
        "titulo": "Instagram",
        "legenda": "Instagram pessoal",
        "text": "victor.macedo2001",
        "url": "https:\/\/instagram.com\/victor.macedo2001",
        "tags": "instagram,pessoal,blog,fotos,familia",
        "visible": "show"
    },
    {
        "titulo": "Portifólio",
        "legenda": "Conheça um pouco do meu trabalho",
        "text": "Meu Portifólio",
        "url": "https:\/\/sunflowers.victormacedo.dev.br\/portifolio",
        "tags": "curriculo,profissional,cursos,certificados,portifolio,projetos",
        "visible": "pin"
    }
]
[2026-01-18 15:57:25] [INFO] [
    {
        "titulo": "TELLONYM",
        "legenda": "Me pergunte anônimamente",
        "text": "victor.macedo2001",
        "url": "https:\/\/tellonym.me\/victor.macedo2001",
        "tags": "perguntas,familia,anonimo,anonimas,conversa,feedback",
        "visible": "show"
    },
    {
        "titulo": "Curriculo Vitae",
        "legenda": "Meus Cursos e experiências acadêmicas e profissionais",
        "text": "Meu Curriculo",
        "url": "https:\/\/victormacedo.dev.br\/curriculo",
        "tags": "curriculo,profissional,cursos,certificados",
        "visible": "hidden"
    },
    {
        "titulo": "Instagram",
        "legenda": "Instagram pessoal",
        "text": "victor.macedo2001",
        "url": "https:\/\/instagram.com\/victor.macedo2001",
        "tags": "instagram,pessoal,blog,fotos,familia",
        "visible": "show"
    },
    {
        "titulo": "Portifólio",
        "legenda": "Conheça um pouco do meu trabalho",
        "text": "Meu Portifólio",
        "url": "https:\/\/sunflowers.victormacedo.dev.br\/portifolio",
        "tags": "curriculo,profissional,cursos,certificados,portifolio,projetos",
        "visible": "pin"
    }
]
[2026-01-18 15:57:39] [INFO] [
    {
        "titulo": "TELLONYM",
        "legenda": "Me pergunte anônimamente",
        "text": "victor.macedo2001",
        "url": "https:\/\/tellonym.me\/victor.macedo2001",
        "tags": "perguntas,familia,anonimo,anonimas,conversa,feedback",
        "visible": "show"
    },
    {
        "titulo": "Curriculo Vitae",
        "legenda": "Meus Cursos e experiências acadêmicas e profissionais",
        "text": "Meu Curriculo",
        "url": "https:\/\/victormacedo.dev.br\/curriculo",
        "tags": "curriculo,profissional,cursos,certificados",
        "visible": "hidden"
    },
    {
        "titulo": "Instagram",
        "legenda": "Instagram pessoal",
        "text": "victor.macedo2001",
        "url": "https:\/\/instagram.com\/victor.macedo2001",
        "tags": "instagram,pessoal,blog,fotos,familia",
        "visible": "show"
    },
    {
        "titulo": "Portifólio",
        "legenda": "Conheça um pouco do meu trabalho",
        "text": "Meu Portifólio",
        "url": "https:\/\/sunflowers.victormacedo.dev.br\/portifolio",
        "tags": "curriculo,profissional,cursos,certificados,portifolio,projetos",
        "visible": "pin"
    }
]
[2026-01-18 15:57:52] [INFO] [
    {
        "titulo": "TELLONYM",
        "legenda": "Me pergunte anônimamente",
        "text": "victor.macedo2001",
        "url": "https:\/\/tellonym.me\/victor.macedo2001",
        "tags": "perguntas,familia,anonimo,anonimas,conversa,feedback",
        "visible": "show"
    },
    {
        "titulo": "Curriculo Vitae",
        "legenda": "Meus Cursos e experiências acadêmicas e profissionais",
        "text": "Meu Curriculo",
        "url": "https:\/\/victormacedo.dev.br\/curriculo",
        "tags": "curriculo,profissional,cursos,certificados",
        "visible": "hidden"
    },
    {
        "titulo": "Instagram",
        "legenda": "Instagram pessoal",
        "text": "victor.macedo2001",
        "url": "https:\/\/instagram.com\/victor.macedo2001",
        "tags": "instagram,pessoal,blog,fotos,familia",
        "visible": "show"
    },
    {
        "titulo": "Portifólio",
        "legenda": "Conheça um pouco do meu trabalho",
        "text": "Meu Portifólio",
        "url": "https:\/\/sunflowers.victormacedo.dev.br\/portifolio",
        "tags": "curriculo,profissional,cursos,certificados,portifolio,projetos",
        "visible": "pin"
    }
]
[2026-01-18 15:58:07] [INFO] [
    {
        "titulo": "TELLONYM",
        "legenda": "Me pergunte anônimamente",
        "text": "victor.macedo2001",
        "url": "https:\/\/tellonym.me\/victor.macedo2001",
        "tags": "perguntas,familia,anonimo,anonimas,conversa,feedback",
        "visible": "show"
    },
    {
        "titulo": "Curriculo Vitae",
        "legenda": "Meus Cursos e experiências acadêmicas e profissionais",
        "text": "Meu Curriculo",
        "url": "https:\/\/victormacedo.dev.br\/curriculo",
        "tags": "curriculo,profissional,cursos,certificados",
        "visible": "hidden"
    },
    {
        "titulo": "Instagram",
        "legenda": "Instagram pessoal",
        "text": "victor.macedo2001",
        "url": "https:\/\/instagram.com\/victor.macedo2001",
        "tags": "instagram,pessoal,blog,fotos,familia",
        "visible": "show"
    },
    {
        "titulo": "Portifólio",
        "legenda": "Conheça um pouco do meu trabalho",
        "text": "Meu Portifólio",
        "url": "https:\/\/sunflowers.victormacedo.dev.br\/portifolio",
        "tags": "curriculo,profissional,cursos,certificados,portifolio,projetos",
        "visible": "pin"
    }
]
[2026-01-18 15:58:37] [INFO] [
    {
        "titulo": "TELLONYM",
        "legenda": "Me pergunte anônimamente",
        "text": "victor.macedo2001",
        "url": "https:\/\/tellonym.me\/victor.macedo2001",
        "tags": "perguntas,familia,anonimo,anonimas,conversa,feedback",
        "visible": "show"
    },
    {
        "titulo": "Curriculo Vitae",
        "legenda": "Meus Cursos e experiências acadêmicas e profissionais",
        "text": "Meu Curriculo",
        "url": "https:\/\/victormacedo.dev.br\/curriculo",
        "tags": "curriculo,profissional,cursos,certificados",
        "visible": "hidden"
    },
    {
        "titulo": "Instagram",
        "legenda": "Instagram pessoal",
        "text": "victor.macedo2001",
        "url": "https:\/\/instagram.com\/victor.macedo2001",
        "tags": "instagram,pessoal,blog,fotos,familia",
        "visible": "show"
    },
    {
        "titulo": "Portifólio",
        "legenda": "Conheça um pouco do meu trabalho",
        "text": "Meu Portifólio",
        "url": "https:\/\/sunflowers.victormacedo.dev.br\/portifolio",
        "tags": "curriculo,profissional,cursos,certificados,portifolio,projetos",
        "visible": "pin"
    }
]
[2026-01-18 15:58:39] [INFO] [
    {
        "titulo": "TELLONYM",
        "legenda": "Me pergunte anônimamente",
        "text": "victor.macedo2001",
        "url": "https:\/\/tellonym.me\/victor.macedo2001",
        "tags": "perguntas,familia,anonimo,anonimas,conversa,feedback",
        "visible": "show"
    },
    {
        "titulo": "Curriculo Vitae",
        "legenda": "Meus Cursos e experiências acadêmicas e profissionais",
        "text": "Meu Curriculo",
        "url": "https:\/\/victormacedo.dev.br\/curriculo",
        "tags": "curriculo,profissional,cursos,certificados",
        "visible": "hidden"
    },
    {
        "titulo": "Instagram",
        "legenda": "Instagram pessoal",
        "text": "victor.macedo2001",
        "url": "https:\/\/instagram.com\/victor.macedo2001",
        "tags": "instagram,pessoal,blog,fotos,familia",
        "visible": "show"
    },
    {
        "titulo": "Portifólio",
        "legenda": "Conheça um pouco do meu trabalho",
        "text": "Meu Portifólio",
        "url": "https:\/\/sunflowers.victormacedo.dev.br\/portifolio",
        "tags": "curriculo,profissional,cursos,certificados,portifolio,projetos",
        "visible": "pin"
    }
]
